[2019-04-03T10:20:18.033] [DEBUG] prod - Server listening on port 3000
[2019-04-03T10:20:25.320] [DEBUG] prod - Server listening on port 3000
[2019-04-03T10:22:17.470] [DEBUG] prod - Server listening on port 3000
[2019-04-03T10:28:20.204] [DEBUG] prod - Server listening on port 3000
[2019-04-03T10:34:14.053] [DEBUG] prod - Server listening on port 3000
[2019-04-03T10:34:27.206] [WARN] prod - /asdfklasdf [404] -> Страница не существует
[2019-04-03T10:34:31.556] [WARN] prod - /send-err [403] -> invalid csrf token
[2019-04-03T10:36:09.689] [DEBUG] prod - Server listening on port 3000
[2019-04-03T10:36:15.794] [WARN] prod - /send-err [403] -> invalid csrf token
[2019-04-03T10:36:19.803] [WARN] prod - /send-err [404] -> Страница не существует
[2019-04-03T10:37:14.479] [WARN] prod - /send-err [404] -> Страница не существует
[2019-04-03T10:37:18.626] [WARN] prod - /send-err [404] -> Страница не существует
[2019-04-03T10:37:34.255] [DEBUG] prod - Server listening on port 3000
[2019-04-03T10:37:38.430] [WARN] prod - /send-err [404] -> Страница не существует
[2019-04-03T10:38:50.943] [DEBUG] prod - Server listening on port 3000
[2019-04-03T10:38:54.808] [WARN] prod - /send-err [404] -> Страница не существует
[2019-04-03T10:39:07.810] [WARN] prod - /send-err [404] -> Страница не существует
[2019-04-03T11:18:49.274] [DEBUG] prod - Server listening on port 8888
[2019-04-03T11:50:49.514] [WARN] prod - /robots.txt [404] -> Страница не существует
[2019-04-03T11:50:52.866] [WARN] prod - /Kia/ceed_sw/ [404] -> Страница не существует
[2019-04-03T11:52:10.516] [DEBUG] prod - Server listening on port 8888
[2019-04-03T11:56:19.309] [DEBUG] prod - Server listening on port 8888
[2019-04-03T11:58:15.220] [DEBUG] prod - Server listening on port 8888
[2019-04-03T12:44:13.887] [DEBUG] prod - Server listening on port 8888
[2019-04-03T12:48:30.032] [DEBUG] prod - Server listening on port 8888
[2019-04-03T12:53:53.540] [DEBUG] prod - Server listening on port 8888
[2019-04-03T12:55:42.344] [DEBUG] prod - Server listening on port 8888
[2019-04-03T13:17:59.387] [DEBUG] prod - Server listening on port 8888
[2019-04-03T13:25:22.618] [DEBUG] prod - Server listening on port 8888
[2019-04-03T13:39:30.197] [DEBUG] prod - Server listening on port 8888
[2019-04-03T13:45:33.834] [DEBUG] prod - Server listening on port 8888
[2019-04-03T14:10:10.226] [DEBUG] prod - Server listening on port 8888
[2019-04-03T14:11:16.754] [DEBUG] prod - Server listening on port 8888
[2019-04-03T14:14:19.346] [DEBUG] prod - Server listening on port 8888
[2019-04-03T14:20:54.583] [DEBUG] prod - Server listening on port 8888
[2019-04-03T14:23:20.065] [DEBUG] prod - Server listening on port 8888
[2019-04-03T14:29:18.815] [WARN] prod - /robots.txt [404] -> Страница не существует
[2019-04-03T14:29:20.183] [WARN] prod - /robots.txt [404] -> Страница не существует
[2019-04-03T15:22:14.062] [DEBUG] prod - Server listening on port 8888
[2019-04-03T15:26:56.715] [DEBUG] prod - Server listening on port 8888
[2019-04-03T15:27:48.879] [DEBUG] prod - Server listening on port 8888
[2019-04-03T15:30:35.667] [DEBUG] prod - Server listening on port 8888
[2019-04-03T15:32:47.970] [DEBUG] prod - Server listening on port 8888
[2019-04-03T15:34:40.412] [DEBUG] prod - Server listening on port 8888
[2019-04-03T15:36:58.685] [DEBUG] prod - Server listening on port 8888
[2019-04-03T15:37:58.650] [DEBUG] prod - Server listening on port 8888
[2019-04-03T16:20:13.709] [DEBUG] prod - Server listening on port 8888
[2019-04-03T16:27:27.139] [DEBUG] prod - Server listening on port 8888
[2019-04-03T16:29:29.605] [DEBUG] prod - Server listening on port 8888
[2019-04-03T16:31:21.566] [DEBUG] prod - Server listening on port 8888
[2019-04-03T16:34:30.064] [DEBUG] prod - Server listening on port 8888
[2019-04-03T16:39:18.232] [DEBUG] prod - Server listening on port 8888
[2019-04-03T16:39:58.891] [WARN] prod - /kljdhasfklgsdklfbhglksdfg [404] -> Страница не существует
[2019-04-03T16:45:00.722] [FATAL] prod - /send-err -> Message failed: 550 Message was not accepted -- invalid mailbox.  You need to complete your registration in order to send your mail.  Please visit http://e.mail.ru/signup?NeedMoreInfo=1
[2019-04-03T16:53:34.636] [WARN] prod - /kljdhasfkjasdh [404] -> Страница не существует
[2019-04-03T16:57:51.234] [DEBUG] prod - Server listening on port 8888
[2019-04-03T16:58:34.074] [DEBUG] prod - Server listening on port 8888
[2019-04-03T16:58:54.589] [WARN] prod - /akjsdbgfkjds [404] -> Страница не существует
[2019-04-03T17:11:37.972] [WARN] prod - /dkljlfbgkjbds [404] -> Страница не существует
[2019-04-03T17:22:31.932] [WARN] prod - /dkljlfbgkjbds [404] -> Страница не существует
[2019-04-03T17:23:28.071] [WARN] prod - /dkljlfbgkjbds [404] -> Страница не существует
[2019-04-03T17:23:40.380] [WARN] prod - /dkljlfbgkjbds [404] -> Страница не существует
[2019-04-03T17:28:01.533] [WARN] prod - /dkljlfbgkjbds [404] -> Страница не существует
[2019-04-03T17:29:54.324] [WARN] prod - /dkljlfbgkjbds [404] -> Страница не существует
[2019-04-03T17:30:03.767] [WARN] prod - /dkljlfbgkjbds [404] -> Страница не существует
[2019-04-03T17:32:12.155] [WARN] prod - /dkljlfbgkjbds [404] -> Страница не существует
[2019-04-03T17:33:19.898] [WARN] prod - /dkljlfbgkjbds [404] -> Страница не существует
[2019-04-03T17:33:30.281] [WARN] prod - /dkljlfbgkjbds [404] -> Страница не существует
[2019-04-03T17:34:07.947] [WARN] prod - /dkljlfbgkjbds [404] -> Страница не существует
[2019-04-03T17:34:31.682] [WARN] prod - /dkljlfbgkjbds [404] -> Страница не существует
[2019-04-03T17:34:38.977] [WARN] prod - /dkljlfbgkjbds [404] -> Страница не существует
[2019-04-03T17:34:41.377] [WARN] prod - /dkljlfbgkjbds [404] -> Страница не существует
[2019-04-03T17:35:46.800] [WARN] prod - /dkljlfbgkjbds [404] -> Страница не существует
[2019-04-03T17:35:51.085] [WARN] prod - /dkljlfbgkjbds [404] -> Страница не существует
[2019-04-03T18:05:37.018] [DEBUG] prod - Server listening on port 8888
[2019-04-03T18:06:31.909] [DEBUG] prod - Server listening on port 8888
[2019-04-03T18:58:45.688] [DEBUG] prod - Server listening on port 8888
[2019-04-03T19:04:48.496] [DEBUG] prod - Server listening on port 8888
[2019-04-03T19:08:04.662] [DEBUG] prod - Server listening on port 8888
[2019-04-03T19:09:28.600] [WARN] prod - /search/ [404] -> undefined
[2019-04-03T19:21:01.797] [DEBUG] prod - Server listening on port 8888
[2019-04-03T19:22:00.040] [WARN] prod - /article/undefined [404] -> undefined
[2019-04-03T19:22:10.282] [WARN] prod - /article/undefined [404] -> undefined
[2019-04-03T19:22:14.140] [WARN] prod - /article/undefined [404] -> undefined
[2019-04-03T19:25:27.446] [DEBUG] prod - Server listening on port 8888
[2019-04-03T19:25:29.323] [WARN] prod - /article/undefined [404] -> undefined
[2019-04-03T19:25:47.391] [WARN] prod - /article/ [404] -> undefined
[2019-04-03T19:26:49.610] [WARN] prod - /article/ [404] -> undefined
[2019-04-03T19:30:46.129] [DEBUG] prod - Server listening on port 8888
[2019-04-03T19:35:38.718] [DEBUG] prod - Server listening on port 8888
[2019-04-03T20:00:40.103] [DEBUG] prod - Server listening on port 8888
[2019-04-03T20:03:18.840] [DEBUG] prod - Server listening on port 8888
[2019-04-03T20:12:48.869] [DEBUG] prod - Server listening on port 8888
[2019-04-03T22:59:42.682] [WARN] prod - /robots.txt [404] -> undefined
[2019-04-03T23:10:09.143] [WARN] prod - /robots.txt [404] -> undefined
[2019-04-04T00:56:59.657] [WARN] prod - /robots.txt [404] -> undefined
[2019-04-04T00:57:01.854] [WARN] prod - /catalog/GreatWall/Hover_H5/ [404] -> undefined
[2019-04-04T01:20:53.888] [WARN] prod - /robots.txt [404] -> undefined
[2019-04-04T02:45:19.141] [WARN] prod - /robots.txt [404] -> undefined
[2019-04-04T02:45:20.235] [WARN] prod - /Kia/Optima/ [404] -> undefined
[2019-04-04T04:19:29.788] [WARN] prod - /robots.txt [404] -> undefined
[2019-04-04T04:26:59.922] [WARN] prod - /refers [404] -> undefined
[2019-04-04T04:42:02.328] [WARN] prod - /subscribe [404] -> undefined
[2019-04-04T04:50:32.835] [WARN] prod - /robots.txt [404] -> undefined
[2019-04-04T06:00:36.270] [WARN] prod - /robots.txt [404] -> undefined
[2019-04-04T07:27:43.429] [WARN] prod - /robots.txt [404] -> undefined
[2019-04-04T07:27:44.747] [WARN] prod - /Lada/ [404] -> undefined
[2019-04-04T07:52:24.961] [WARN] prod - /v1/wallet/list_keys [404] -> undefined
[2019-04-04T09:19:33.040] [WARN] prod - /robots.txt [404] -> undefined
[2019-04-04T09:19:34.127] [WARN] prod - /Mitsubishi/ [404] -> undefined
[2019-04-04T09:22:26.449] [WARN] prod - /robots.txt [404] -> undefined
[2019-04-04T09:47:21.947] [WARN] prod - http://ipdb-bot.ru/HttpRequest/spider3.ashx?ip=151.248.118.142&port=8888&mn=PRX6&c=2&r=236550 [404] -> undefined
[2019-04-04T10:25:19.304] [DEBUG] prod - Server listening on port 8888
[2019-04-04T10:30:03.378] [DEBUG] prod - Server listening on port 8888
[2019-04-04T10:30:07.979] [WARN] prod - /admin [404] -> undefined
[2019-04-04T10:39:27.006] [WARN] prod - { [Error: ENOENT: no such file or directory, open '/var/www/hack-it-up.ru/public/images/uploads/image-1554363567003.jpeg']
  errno: -2,
  code: 'ENOENT',
  syscall: 'open',
  path:
   '/var/www/hack-it-up.ru/public/images/uploads/image-1554363567003.jpeg',
  storageErrors: [] }
[2019-04-04T10:39:41.913] [WARN] prod - { [Error: ENOENT: no such file or directory, open '/var/www/hack-it-up.ru/public/images/uploads/image-1554363581912.jpg']
  errno: -2,
  code: 'ENOENT',
  syscall: 'open',
  path:
   '/var/www/hack-it-up.ru/public/images/uploads/image-1554363581912.jpg',
  storageErrors: [] }
[2019-04-04T10:39:52.244] [WARN] prod - { [Error: ENOENT: no such file or directory, open '/var/www/hack-it-up.ru/public/images/uploads/image-1554363592243.jpg']
  errno: -2,
  code: 'ENOENT',
  syscall: 'open',
  path:
   '/var/www/hack-it-up.ru/public/images/uploads/image-1554363592243.jpg',
  storageErrors: [] }
[2019-04-04T10:42:14.968] [DEBUG] prod - Server listening on port 8888
[2019-04-04T10:43:07.124] [WARN] prod - { [Error: ENOENT: no such file or directory, open '/var/www/hack-it-up.ru/public/images/uploads/image-1554363787120.jpg']
  errno: -2,
  code: 'ENOENT',
  syscall: 'open',
  path:
   '/var/www/hack-it-up.ru/public/images/uploads/image-1554363787120.jpg',
  storageErrors: [] }
[2019-04-04T10:44:23.360] [DEBUG] prod - Server listening on port 8888
[2019-04-04T10:44:26.886] [WARN] prod - /admin/edit/5939b271f4f8bc61c917dc69 [404] -> undefined
[2019-04-04T10:45:45.286] [WARN] prod - /uploads/bf87707e248408b0632df8460a4c80c4.png [404] -> undefined
[2019-04-04T10:45:45.291] [WARN] prod - /uploads/04e6583256869fba3279090235eb1d2b.jpg [404] -> undefined
[2019-04-04T10:45:47.445] [WARN] prod - /uploads/bf87707e248408b0632df8460a4c80c4.png [404] -> undefined
[2019-04-04T10:45:47.448] [WARN] prod - /uploads/04e6583256869fba3279090235eb1d2b.jpg [404] -> undefined
[2019-04-04T10:46:00.436] [WARN] prod - /uploads/bf87707e248408b0632df8460a4c80c4.png [404] -> undefined
[2019-04-04T10:46:00.439] [WARN] prod - /uploads/04e6583256869fba3279090235eb1d2b.jpg [404] -> undefined
[2019-04-04T10:46:03.080] [WARN] prod - /uploads/bf87707e248408b0632df8460a4c80c4.png [404] -> undefined
[2019-04-04T10:46:03.085] [WARN] prod - /uploads/04e6583256869fba3279090235eb1d2b.jpg [404] -> undefined
[2019-04-04T10:47:42.489] [WARN] prod - /robots.txt [404] -> undefined
[2019-04-04T10:47:43.563] [WARN] prod - /Hyundai/Elantra/ [404] -> undefined
[2019-04-04T10:54:37.962] [WARN] prod - /uploads/2e798f077c2ad2198b4fe805b0fe3ef0.jpg [404] -> undefined
[2019-04-04T10:54:37.965] [WARN] prod - /uploads/b48331c518cfea9da945acefdf373c17.jpg [404] -> undefined
[2019-04-04T10:54:39.541] [WARN] prod - /uploads/2e798f077c2ad2198b4fe805b0fe3ef0.jpg [404] -> undefined
[2019-04-04T10:54:39.544] [WARN] prod - /uploads/b48331c518cfea9da945acefdf373c17.jpg [404] -> undefined
[2019-04-04T10:54:47.508] [WARN] prod - /uploads/2e798f077c2ad2198b4fe805b0fe3ef0.jpg [404] -> undefined
[2019-04-04T10:54:47.511] [WARN] prod - /uploads/b48331c518cfea9da945acefdf373c17.jpg [404] -> undefined
[2019-04-04T10:54:48.889] [WARN] prod - /uploads/2e798f077c2ad2198b4fe805b0fe3ef0.jpg [404] -> undefined
[2019-04-04T10:54:48.892] [WARN] prod - /uploads/b48331c518cfea9da945acefdf373c17.jpg [404] -> undefined
[2019-04-04T11:28:52.963] [WARN] prod - /robots.txt [404] -> undefined
[2019-04-04T11:28:56.857] [WARN] prod - /robots.txt [404] -> undefined
[2019-04-04T11:29:00.707] [WARN] prod - /Toyota/Rav4/ [404] -> undefined
[2019-04-04T11:57:58.390] [DEBUG] prod - Server listening on port 8888
[2019-04-04T11:57:59.157] [WARN] prod - /admin/publish/5ca5c3e6204fe953fc2e237a?slug=moi-blog-snova-v-dele [404] -> undefined
[2019-04-04T11:58:03.013] [WARN] prod - /admin/editpost/5ca5c3e6204fe953fc2e237a [404] -> undefined
[2019-04-04T11:59:12.388] [DEBUG] prod - Server listening on port 8888
[2019-04-04T12:04:51.656] [DEBUG] prod - Server listening on port 8888
[2019-04-04T12:04:56.092] [WARN] prod - /admin/editpost/5ca5c3e6204fe953fc2e237a [404] -> undefined
[2019-04-04T12:06:34.979] [DEBUG] prod - Server listening on port 8888
[2019-04-04T12:06:35.644] [WARN] prod - /admin/editpost/5ca5c3e6204fe953fc2e237a [404] -> undefined
[2019-04-04T12:10:04.344] [DEBUG] prod - Server listening on port 8888
[2019-04-04T12:10:05.487] [WARN] prod - /admin/editpost/5ca5c3e6204fe953fc2e237a [404] -> undefined
[2019-04-04T12:18:12.498] [DEBUG] prod - Server listening on port 8888
[2019-04-04T12:20:01.651] [DEBUG] prod - Server listening on port 8888
